# JRE version: OpenJDK Runtime Environment (8.0_152-b01) (build 1.8.0_152-release-915-b01)
# Java VM: OpenJDK 64-Bit Server VM (25.152-b01 mixed mode linux-amd64 compressed oops)
Heap:
 PSYoungGen      total 70656K, used 3130K [0x00000000e0000000, 0x00000000e4f00000, 0x0000000100000000)
  eden space 61952K, 0% used [0x00000000e0000000,0x00000000e0000000,0x00000000e3c80000)
  from space 8704K, 35% used [0x00000000e3c80000,0x00000000e3f8ea38,0x00000000e4500000)
  to   space 7168K, 0% used [0x00000000e4500000,0x00000000e4500000,0x00000000e4c00000)
 ParOldGen       total 42496K, used 8720K [0x00000000a0000000, 0x00000000a2980000, 0x00000000e0000000)
  object space 42496K, 20% used [0x00000000a0000000,0x00000000a08843f0,0x00000000a2980000)
 Metaspace       used 20566K, capacity 21032K, committed 21248K, reserved 1067008K
  class space    used 2851K, capacity 3005K, committed 3072K, reserved 1048576K
GC Heap History (10 events):
Event: 7.532 GC heap after
Heap after GC invocations=2 (full 0):
 PSYoungGen      total 18432K, used 2514K [0x00000000e0000000, 0x00000000e2400000, 0x0000000100000000)
  eden space 15872K, 0% used [0x00000000e0000000,0x00000000e0000000,0x00000000e0f80000)
  from space 2560K, 98% used [0x00000000e1200000,0x00000000e1474988,0x00000000e1480000)
  to   space 2560K, 0% used [0x00000000e0f80000,0x00000000e0f80000,0x00000000e1200000)
 ParOldGen       total 42496K, used 326K [0x00000000a0000000, 0x00000000a2980000, 0x00000000e0000000)
  object space 42496K, 0% used [0x00000000a0000000,0x00000000a00519c8,0x00000000a2980000)
 Metaspace       used 6799K, capacity 6990K, committed 7168K, reserved 1056768K
  class space    used 828K, capacity 907K, committed 1024K, reserved 1048576K
}
Event: 8.232 GC heap before
{Heap before GC invocations=3 (full 0):
 PSYoungGen      total 18432K, used 18386K [0x00000000e0000000, 0x00000000e2400000, 0x0000000100000000)
  eden space 15872K, 100% used [0x00000000e0000000,0x00000000e0f80000,0x00000000e0f80000)
  from space 2560K, 98% used [0x00000000e1200000,0x00000000e1474988,0x00000000e1480000)
  to   space 2560K, 0% used [0x00000000e0f80000,0x00000000e0f80000,0x00000000e1200000)
 ParOldGen       total 42496K, used 326K [0x00000000a0000000, 0x00000000a2980000, 0x00000000e0000000)
  object space 42496K, 0% used [0x00000000a0000000,0x00000000a00519c8,0x00000000a2980000)
 Metaspace       used 8314K, capacity 8534K, committed 8704K, reserved 1056768K
  class space    used 1067K, capacity 1179K, committed 1280K, reserved 1048576K
Event: 8.239 GC heap after
Heap after GC invocations=3 (full 0):
 PSYoungGen      total 18432K, used 2544K [0x00000000e0000000, 0x00000000e2400000, 0x0000000100000000)
  eden space 15872K, 0% used [0x00000000e0000000,0x00000000e0000000,0x00000000e0f80000)
  from space 2560K, 99% used [0x00000000e0f80000,0x00000000e11fc030,0x00000000e1200000)
  to   space 2560K, 0% used [0x00000000e2180000,0x00000000e2180000,0x00000000e2400000)
 ParOldGen       total 42496K, used 1135K [0x00000000a0000000, 0x00000000a2980000, 0x00000000e0000000)
  object space 42496K, 2% used [0x00000000a0000000,0x00000000a011bf58,0x00000000a2980000)
 Metaspace       used 8314K, capacity 8534K, committed 8704K, reserved 1056768K
  class space    used 1067K, capacity 1179K, committed 1280K, reserved 1048576K
}
Event: 10.851 GC heap before
{Heap before GC invocations=4 (full 0):
 PSYoungGen      total 18432K, used 18416K [0x00000000e0000000, 0x00000000e2400000, 0x0000000100000000)
  eden space 15872K, 100% used [0x00000000e0000000,0x00000000e0f80000,0x00000000e0f80000)
  from space 2560K, 99% used [0x00000000e0f80000,0x00000000e11fc030,0x00000000e1200000)
  to   space 2560K, 0% used [0x00000000e2180000,0x00000000e2180000,0x00000000e2400000)
 ParOldGen       total 42496K, used 1135K [0x00000000a0000000, 0x00000000a2980000, 0x00000000e0000000)
  object space 42496K, 2% used [0x00000000a0000000,0x00000000a011bf58,0x00000000a2980000)
 Metaspace       used 11926K, capacity 12266K, committed 12544K, reserved 1060864K
  class space    used 1620K, capacity 1735K, committed 1792K, reserved 1048576K
Event: 10.869 GC heap after
Heap after GC invocations=4 (full 0):
 PSYoungGen      total 34304K, used 2544K [0x00000000e0000000, 0x00000000e2400000, 0x0000000100000000)
  eden space 31744K, 0% used [0x00000000e0000000,0x00000000e0000000,0x00000000e1f00000)
  from space 2560K, 99% used [0x00000000e2180000,0x00000000e23fc020,0x00000000e2400000)
  to   space 2560K, 0% used [0x00000000e1f00000,0x00000000e1f00000,0x00000000e2180000)
 ParOldGen       total 42496K, used 3667K [0x00000000a0000000, 0x00000000a2980000, 0x00000000e0000000)
  object space 42496K, 8% used [0x00000000a0000000,0x00000000a0394d88,0x00000000a2980000)
 Metaspace       used 11926K, capacity 12266K, committed 12544K, reserved 1060864K
  class space    used 1620K, capacity 1735K, committed 1792K, reserved 1048576K
}
Event: 15.571 GC heap before
{Heap before GC invocations=5 (full 0):
 PSYoungGen      total 34304K, used 34288K [0x00000000e0000000, 0x00000000e2400000, 0x0000000100000000)
  eden space 31744K, 100% used [0x00000000e0000000,0x00000000e1f00000,0x00000000e1f00000)
  from space 2560K, 99% used [0x00000000e2180000,0x00000000e23fc020,0x00000000e2400000)
  to   space 2560K, 0% used [0x00000000e1f00000,0x00000000e1f00000,0x00000000e2180000)
 ParOldGen       total 42496K, used 3667K [0x00000000a0000000, 0x00000000a2980000, 0x00000000e0000000)
  object space 42496K, 8% used [0x00000000a0000000,0x00000000a0394d88,0x00000000a2980000)
 Metaspace       used 15251K, capacity 15566K, committed 15872K, reserved 1062912K
  class space    used 2162K, capacity 2281K, committed 2304K, reserved 1048576K
Event: 17.646 GC heap after
Heap after GC invocations=5 (full 0):
 PSYoungGen      total 34304K, used 2544K [0x00000000e0000000, 0x00000000e4c00000, 0x0000000100000000)
  eden space 31744K, 0% used [0x00000000e0000000,0x00000000e0000000,0x00000000e1f00000)
  from space 2560K, 99% used [0x00000000e1f00000,0x00000000e217c040,0x00000000e2180000)
  to   space 7168K, 0% used [0x00000000e4500000,0x00000000e4500000,0x00000000e4c00000)
 ParOldGen       total 42496K, used 8046K [0x00000000a0000000, 0x00000000a2980000, 0x00000000e0000000)
  object space 42496K, 18% used [0x00000000a0000000,0x00000000a07db8b0,0x00000000a2980000)
 Metaspace       used 15251K, capacity 15566K, committed 15872K, reserved 1062912K
  class space    used 2162K, capacity 2281K, committed 2304K, reserved 1048576K
}
Event: 1778.063 GC heap before
{Heap before GC invocations=6 (full 0):
 PSYoungGen      total 34304K, used 34288K [0x00000000e0000000, 0x00000000e4c00000, 0x0000000100000000)
  eden space 31744K, 100% used [0x00000000e0000000,0x00000000e1f00000,0x00000000e1f00000)
  from space 2560K, 99% used [0x00000000e1f00000,0x00000000e217c040,0x00000000e2180000)
  to   space 7168K, 0% used [0x00000000e4500000,0x00000000e4500000,0x00000000e4c00000)
 ParOldGen       total 42496K, used 8046K [0x00000000a0000000, 0x00000000a2980000, 0x00000000e0000000)
  object space 42496K, 18% used [0x00000000a0000000,0x00000000a07db8b0,0x00000000a2980000)
 Metaspace       used 20412K, capacity 20872K, committed 21248K, reserved 1067008K
  class space    used 2829K, capacity 2973K, committed 3072K, reserved 1048576K
Event: 1795.285 GC heap after
Heap after GC invocations=6 (full 0):
 PSYoungGen      total 69120K, used 6906K [0x00000000e0000000, 0x00000000e4f00000, 0x0000000100000000)
  eden space 61952K, 0% used [0x00000000e0000000,0x00000000e0000000,0x00000000e3c80000)
  from space 7168K, 96% used [0x00000000e4500000,0x00000000e4bbe840,0x00000000e4c00000)
  to   space 8704K, 0% used [0x00000000e3c80000,0x00000000e3c80000,0x00000000e4500000)
 ParOldGen       total 42496K, used 8054K [0x00000000a0000000, 0x00000000a2980000, 0x00000000e0000000)
  object space 42496K, 18% used [0x00000000a0000000,0x00000000a07dd8b0,0x00000000a2980000)
 Metaspace       used 20412K, capacity 20872K, committed 21248K, reserved 1067008K
  class space    used 2829K, capacity 2973K, committed 3072K, reserved 1048576K
}
Event: 2012.773 GC heap before
{Heap before GC invocations=7 (full 0):
 PSYoungGen      total 69120K, used 9454K [0x00000000e0000000, 0x00000000e4f00000, 0x0000000100000000)
  eden space 61952K, 4% used [0x00000000e0000000,0x00000000e027d1d8,0x00000000e3c80000)
  from space 7168K, 96% used [0x00000000e4500000,0x00000000e4bbe840,0x00000000e4c00000)
  to   space 8704K, 0% used [0x00000000e3c80000,0x00000000e3c80000,0x00000000e4500000)
 ParOldGen       total 42496K, used 8054K [0x00000000a0000000, 0x00000000a2980000, 0x00000000e0000000)
  object space 42496K, 18% used [0x00000000a0000000,0x00000000a07dd8b0,0x00000000a2980000)
 Metaspace       used 20566K, capacity 21032K, committed 21248K, reserved 1067008K
  class space    used 2851K, capacity 3005K, committed 3072K, reserved 1048576K

